<?xml version="1.0" encoding="UTF-8"?>
<testng-results ignored="0" total="1" passed="1" failed="0" skipped="0">
  <reporter-output>
  </reporter-output>
  <suite started-at="2023-05-31T16:45:14 IST" name="Jenkins UI Tests" finished-at="2023-05-31T16:45:55 IST" duration-ms="40996">
    <groups>
    </groups>
    <test started-at="2023-05-31T16:45:14 IST" name="UITest1" finished-at="2023-05-31T16:45:55 IST" duration-ms="40996">
      <class name="MavenJenkins.UITest">
        <test-method signature="startBrowser()[pri:0, instance:MavenJenkins.UITest@258e2e41]" started-at="2023-05-31T16:45:14 IST" name="startBrowser" finished-at="2023-05-31T16:45:55 IST" duration-ms="40795" status="PASS">
          <reporter-output>
          </reporter-output>
        </test-method> <!-- startBrowser -->
      </class> <!-- MavenJenkins.UITest -->
    </test> <!-- UITest1 -->
  </suite> <!-- Jenkins UI Tests -->
</testng-results>
